<?xml version="1.0" encoding="UTF-8"?>
<!-- Generated by org.testng.reporters.JUnitReportReporter -->
<testsuite skipped="0" hostname="DESKTOP-2UR857H" name="com.github.automation.tests.GitHubTest" tests="2" failures="0" timestamp="10 Dec 2017 22:36:50 GMT" time="33.290" errors="0">
  <testcase name="testGitHubLoggedInUserCreatingRepositoryAndNewIssue" time="20.166" classname="com.github.automation.tests.GitHubTest"/>
  <testcase name="testGitHubLoggedInUserCreatingRepositoryAndNewIssue" time="13.124" classname="com.github.automation.tests.GitHubTest"/>
</testsuite> <!-- com.github.automation.tests.GitHubTest -->
